Script started on 2026-03-15 19:40:28+00:00 [TERM="xterm" TTY="/dev/pts/88" COLUMNS="80" LINES="24"]
cd /home/ubuntu/LineFollower_Success && PYTHONPATH=. python3 src/visualizer/visualizer.py --domain=AF_INET --server-url=localhost --label=Kp2.0_Ki0.1_Kd0.5; bash
+=+ XLVIP-INFO: XlTlmMessageLayer::connectToServer():
+=+    Connecting clientId=':remoteSession2' to 'server@localhost' ...
+=+    Successfully connected 'client :remoteSession2' to 'server@localhost'
+=+    Negotiated socket connection configuration
+=+        Use socket manager thread=FALSE
+=+        Use TCP_NODELAY=TRUE
+=+        Use UDP=FALSE
+=+ XLVIP-INFO: XlTlmMessageLayer::connect():
+=+    Successfully connected this remote client conduit into the TLM fabric server:
+=+        clientId=:remoteSession2
+=+        conduitId=:timeServerConduit2
           localClientConduitHandle=0x617604c9b728
           remoteServerProxyConduitHandle=0x21259860
+=+ XLVIP-INFO: XlTlmMessageLayer::connect():
+=+    Successfully connected this remote client conduit into the TLM fabric server:
+=+        clientId=:remoteSession2
+=+        conduitId=:resetServerConduit2
           localClientConduitHandle=0x617604bbe7d8
           remoteServerProxyConduitHandle=0x21255e90
+=+ XLVIP-INFO: XlTlmMessageLayer::connect():
+=+    Successfully connected this remote client conduit into the TLM fabric server:
+=+        clientId=:remoteSession2
+=+        conduitId=:txConfigPort2
           localClientConduitHandle=0x617604bf7de0
           remoteServerProxyConduitHandle=0x212685b0
+=+ XLVIP-INFO: XlTlmMessageLayer::connect():
+=+    Successfully connected this remote client conduit into the TLM fabric server:
+=+        clientId=:remoteSession2
+=+        conduitId=:rxConfigPort2
           localClientConduitHandle=0x617604bd6820
           remoteServerProxyConduitHandle=0x212649b0
+=+ INFO: ... successfully connected to TLM FabricServer !
+=+ XLVIP-INFO: XlTlmMessageLayer::connect():
+=+    Successfully connected this remote client conduit into the TLM fabric server:
+=+        clientId=:remoteSession2
+=+        conduitId=:txCanFrameConduit2
           localClientConduitHandle=0x617604a67650
           remoteServerProxyConduitHandle=0x2125e8a0
+=+ XLVIP-INFO: XlTlmMessageLayer::connect():
+=+    Successfully connected this remote client conduit into the TLM fabric server:
+=+        clientId=:remoteSession2
+=+        conduitId=:rxCanFrameConduit2
           localClientConduitHandle=0x617604a0d550
           remoteServerProxyConduitHandle=0x2125d730
[VIZ] t=0.1s  y=0.5048  err=0.5048
[VIZ] t=0.2s  y=0.4996  err=0.4996
[VIZ] t=0.3s  y=0.4849  err=0.4849
[VIZ] t=0.4s  y=0.4615  err=0.4615
[VIZ] t=0.5s  y=0.4303  err=0.4303
[VIZ] t=0.6s  y=0.3924  err=0.3924
[VIZ] t=0.7s  y=0.3490  err=0.3490
[VIZ] t=0.8s  y=0.3011  err=0.3011
[VIZ] t=0.9s  y=0.2498  err=0.2498
[VIZ] t=1.0s  y=0.1961  err=0.1961
[VIZ] t=1.1s  y=0.1411  err=0.1411
[VIZ] t=1.2s  y=0.0856  err=0.0856
[VIZ] t=1.3s  y=0.0307  err=0.0307
[VIZ] t=1.4s  y=-0.0229  err=0.0229
[VIZ] t=1.5s  y=-0.0742  err=0.0742
[VIZ] t=1.6s  y=-0.1224  err=0.1224
[VIZ] t=1.7s  y=-0.1669  err=0.1669
[VIZ] t=1.8s  y=-0.2068  err=0.2068
[VIZ] t=1.9s  y=-0.2414  err=0.2414
[VIZ] t=2.0s  y=-0.2704  err=0.2704
[VIZ] t=2.1s  y=-0.2932  err=0.2932
[VIZ] t=2.2s  y=-0.3097  err=0.3097
[VIZ] t=2.3s  y=-0.3196  err=0.3196
[VIZ] t=2.4s  y=-0.3231  err=0.3231
[VIZ] t=2.5s  y=-0.3203  err=0.3203
[VIZ] t=2.6s  y=-0.3116  err=0.3116
[VIZ] t=2.7s  y=-0.2974  err=0.2974
[VIZ] t=2.8s  y=-0.2783  err=0.2783
[VIZ] t=2.9s  y=-0.2549  err=0.2549
[VIZ] t=3.0s  y=-0.2279  err=0.2279
[VIZ] t=3.1s  y=-0.1979  err=0.1979
[VIZ] t=3.2s  y=-0.1656  err=0.1656
[VIZ] t=3.3s  y=-0.1317  err=0.1317
[VIZ] t=3.4s  y=-0.0970  err=0.0970
[VIZ] t=3.5s  y=-0.0620  err=0.0620
[VIZ] t=3.6s  y=-0.0275  err=0.0275
[VIZ] t=3.7s  y=0.0060  err=0.0060
[VIZ] t=3.8s  y=0.0379  err=0.0379
[VIZ] t=3.9s  y=0.0676  err=0.0676
[VIZ] t=4.0s  y=0.0947  err=0.0947
[VIZ] t=4.1s  y=0.1188  err=0.1188
[VIZ] t=4.2s  y=0.1394  err=0.1394
[VIZ] t=4.3s  y=0.1565  err=0.1565
[VIZ] t=4.4s  y=0.1696  err=0.1696
[VIZ] t=4.5s  y=0.1789  err=0.1789
[VIZ] t=4.6s  y=0.1841  err=0.1841
[VIZ] t=4.7s  y=0.1854  err=0.1854
[VIZ] t=4.8s  y=0.1830  err=0.1830
[VIZ] t=4.9s  y=0.1770  err=0.1770
[VIZ] t=5.0s  y=0.1677  err=0.1677
[VIZ] t=5.1s  y=0.1555  err=0.1555
[VIZ] t=5.2s  y=0.1407  err=0.1407
[VIZ] t=5.3s  y=0.1238  err=0.1238
[VIZ] t=5.4s  y=0.1051  err=0.1051
[VIZ] t=5.5s  y=0.0851  err=0.0851
[VIZ] t=5.6s  y=0.0642  err=0.0642
[VIZ] t=5.7s  y=0.0429  err=0.0429
[VIZ] t=5.8s  y=0.0215  err=0.0215
[VIZ] t=5.9s  y=0.0005  err=0.0005
[VIZ] t=6.0s  y=-0.0196  err=0.0196
[VIZ] t=6.1s  y=-0.0387  err=0.0387
[VIZ] t=6.2s  y=-0.0563  err=0.0563
[VIZ] t=6.3s  y=-0.0723  err=0.0723
[VIZ] t=6.4s  y=-0.0862  err=0.0862
[VIZ] t=6.5s  y=-0.0980  err=0.0980
[VIZ] t=6.6s  y=-0.1076  err=0.1076
[VIZ] t=6.7s  y=-0.1147  err=0.1147
[VIZ] t=6.8s  y=-0.1195  err=0.1195
[VIZ] t=6.9s  y=-0.1218  err=0.1218
[VIZ] t=7.0s  y=-0.1218  err=0.1218
[VIZ] t=7.1s  y=-0.1196  err=0.1196
[VIZ] t=7.2s  y=-0.1152  err=0.1152
[VIZ] t=7.3s  y=-0.1090  err=0.1090
[VIZ] t=7.4s  y=-0.1010  err=0.1010
[VIZ] t=7.5s  y=-0.0915  err=0.0915
[VIZ] t=7.6s  y=-0.0808  err=0.0808
[VIZ] t=7.7s  y=-0.0691  err=0.0691
[VIZ] t=7.8s  y=-0.0567  err=0.0567
[VIZ] t=7.9s  y=-0.0438  err=0.0438
[VIZ] t=8.0s  y=-0.0308  err=0.0308
[VIZ] t=8.1s  y=-0.0178  err=0.0178
[VIZ] t=8.2s  y=-0.0052  err=0.0052
[VIZ] t=8.3s  y=0.0069  err=0.0069
[VIZ] t=8.4s  y=0.0182  err=0.0182
[VIZ] t=8.5s  y=0.0286  err=0.0286
[VIZ] t=8.6s  y=0.0378  err=0.0378
[VIZ] t=8.7s  y=0.0459  err=0.0459
[VIZ] t=8.8s  y=0.0526  err=0.0526
[VIZ] t=8.9s  y=0.0579  err=0.0579
[VIZ] t=9.0s  y=0.0617  err=0.0617
[VIZ] t=9.1s  y=0.0641  err=0.0641
[VIZ] t=9.2s  y=0.0650  err=0.0650
[VIZ] t=9.3s  y=0.0646  err=0.0646
[VIZ] t=9.4s  y=0.0628  err=0.0628
[VIZ] t=9.5s  y=0.0598  err=0.0598
[VIZ] t=9.6s  y=0.0556  err=0.0556
[VIZ] t=9.7s  y=0.0505  err=0.0505
[VIZ] t=9.8s  y=0.0445  err=0.0445
[VIZ] t=9.9s  y=0.0379  err=0.0379
[VIZ] t=10.0s  y=0.0306  err=0.0306
[VIZ] t=10.1s  y=0.0231  err=0.0231
[VIZ] t=10.2s  y=0.0153  err=0.0153
[VIZ] t=10.3s  y=0.0074  err=0.0074
[VIZ] t=10.4s  y=-0.0003  err=0.0003
[VIZ] t=10.5s  y=-0.0078  err=0.0078
[VIZ] t=10.6s  y=-0.0149  err=0.0149
[VIZ] t=10.7s  y=-0.0215  err=0.0215
[VIZ] t=10.8s  y=-0.0275  err=0.0275
[VIZ] t=10.9s  y=-0.0328  err=0.0328
[VIZ] t=11.0s  y=-0.0373  err=0.0373
[VIZ] t=11.1s  y=-0.0410  err=0.0410
[VIZ] t=11.2s  y=-0.0439  err=0.0439
[VIZ] t=11.3s  y=-0.0458  err=0.0458
[VIZ] t=11.4s  y=-0.0469  err=0.0469
[VIZ] t=11.5s  y=-0.0471  err=0.0471
[VIZ] t=11.6s  y=-0.0464  err=0.0464
[VIZ] t=11.7s  y=-0.0450  err=0.0450
[VIZ] t=11.8s  y=-0.0429  err=0.0429
[VIZ] t=11.9s  y=-0.0401  err=0.0401
[VIZ] t=12.0s  y=-0.0368  err=0.0368
[VIZ] t=12.1s  y=-0.0330  err=0.0330
[VIZ] t=12.2s  y=-0.0288  err=0.0288
[VIZ] t=12.3s  y=-0.0243  err=0.0243
[VIZ] t=12.4s  y=-0.0196  err=0.0196
[VIZ] t=12.5s  y=-0.0148  err=0.0148
[VIZ] t=12.6s  y=-0.0100  err=0.0100
[VIZ] t=12.7s  y=-0.0054  err=0.0054
[VIZ] t=12.8s  y=-0.0009  err=0.0009
[VIZ] t=12.9s  y=0.0033  err=0.0033
[VIZ] t=13.0s  y=0.0072  err=0.0072
[VIZ] t=13.1s  y=0.0107  err=0.0107
[VIZ] t=13.2s  y=0.0138  err=0.0138
[VIZ] t=13.3s  y=0.0164  err=0.0164
[VIZ] t=13.4s  y=0.0184  err=0.0184
[VIZ] t=13.5s  y=0.0200  err=0.0200
[VIZ] t=13.6s  y=0.0210  err=0.0210
[VIZ] t=13.7s  y=0.0215  err=0.0215
[VIZ] t=13.8s  y=0.0214  err=0.0214
[VIZ] t=13.9s  y=0.0209  err=0.0209
[VIZ] t=14.0s  y=0.0199  err=0.0199
[VIZ] t=14.1s  y=0.0185  err=0.0185
[VIZ] t=14.2s  y=0.0167  err=0.0167
[VIZ] t=14.3s  y=0.0146  err=0.0146
[VIZ] t=14.4s  y=0.0122  err=0.0122
[VIZ] t=14.5s  y=0.0097  err=0.0097
[VIZ] t=14.6s  y=0.0069  err=0.0069
[VIZ] t=14.7s  y=0.0041  err=0.0041
[VIZ] t=14.8s  y=0.0012  err=0.0012
[VIZ] t=14.9s  y=-0.0016  err=0.0016
[VIZ] t=15.0s  y=-0.0043  err=0.0043
[VIZ] t=15.1s  y=-0.0070  err=0.0070
[VIZ] t=15.2s  y=-0.0094  err=0.0094
[VIZ] t=15.3s  y=-0.0116  err=0.0116
[VIZ] t=15.4s  y=-0.0136  err=0.0136
[VIZ] t=15.5s  y=-0.0153  err=0.0153
[VIZ] t=15.6s  y=-0.0167  err=0.0167
[VIZ] t=15.7s  y=-0.0178  err=0.0178
[VIZ] t=15.8s  y=-0.0186  err=0.0186
[VIZ] t=15.9s  y=-0.0190  err=0.0190
[VIZ] t=16.0s  y=-0.0192  err=0.0192
[VIZ] t=16.1s  y=-0.0190  err=0.0190
[VIZ] t=16.2s  y=-0.0186  err=0.0186
[VIZ] t=16.3s  y=-0.0178  err=0.0178
[VIZ] t=16.4s  y=-0.0169  err=0.0169
[VIZ] t=16.5s  y=-0.0157  err=0.0157
[VIZ] t=16.6s  y=-0.0143  err=0.0143
[VIZ] t=16.7s  y=-0.0128  err=0.0128
[VIZ] t=16.8s  y=-0.0112  err=0.0112
[VIZ] t=16.9s  y=-0.0095  err=0.0095
[VIZ] t=17.0s  y=-0.0077  err=0.0077
[VIZ] t=17.1s  y=-0.0060  err=0.0060
[VIZ] t=17.2s  y=-0.0042  err=0.0042
[VIZ] t=17.3s  y=-0.0026  err=0.0026
[VIZ] t=17.4s  y=-0.0010  err=0.0010
[VIZ] t=17.5s  y=0.0005  err=0.0005
[VIZ] t=17.6s  y=0.0018  err=0.0018
[VIZ] t=17.7s  y=0.0029  err=0.0029
[VIZ] t=17.8s  y=0.0039  err=0.0039
[VIZ] t=17.9s  y=0.0047  err=0.0047
[VIZ] t=18.0s  y=0.0054  err=0.0054
[VIZ] t=18.1s  y=0.0058  err=0.0058
[VIZ] t=18.2s  y=0.0060  err=0.0060
[VIZ] t=18.3s  y=0.0060  err=0.0060
[VIZ] t=18.4s  y=0.0059  err=0.0059
[VIZ] t=18.5s  y=0.0056  err=0.0056
[VIZ] t=18.6s  y=0.0051  err=0.0051
[VIZ] t=18.7s  y=0.0045  err=0.0045
[VIZ] t=18.8s  y=0.0038  err=0.0038
[VIZ] t=18.9s  y=0.0029  err=0.0029
[VIZ] t=19.0s  y=0.0020  err=0.0020
[VIZ] t=19.1s  y=0.0010  err=0.0010
[VIZ] t=19.2s  y=0.0000  err=0.0000
[VIZ] t=19.3s  y=-0.0010  err=0.0010
Killed
[?2004h]0;ubuntu@ip-10-10-8-146: ~/LineFollower_Successubuntu@ip-10-10-8-146:~/LineFollower_Success$ 